<?xml version="1.0" encoding="utf-8"?><testsuites name="pytest tests"><testsuite name="pytest" errors="0" failures="1" skipped="0" tests="11" time="4.439" timestamp="2026-08-29T18:44:38.048768+00:00" hostname="agent-env-61690d53-9e10-46aa-88ee-31d7125d0465"><testcase classname="tests.backend_test.TestTemplateSeeding" name="test_install_and_seed_character" time="2.321" /><testcase classname="tests.backend_test.TestLoot" name="test_master_distributes_loot" time="1.604" /><testcase classname="tests.backend_test.TestLoot" name="test_notification_created_for_owner" time="0.722" /><testcase classname="tests.backend_test.TestLoot" name="test_player_cannot_distribute" time="0.077" /><testcase classname="tests.backend_test.TestLoot" name="test_empty_character_ids_returns_400" time="0.070" /><testcase classname="tests.backend_test.TestLoot" name="test_get_loot_master_and_player" time="0.353" /><testcase classname="tests.backend_test.TestLoot" name="test_outsider_cannot_read_loot" time="0.626" /><testcase classname="tests.backend_test.TestLoot" name="test_loot_unauthenticated" time="0.159" /><testcase classname="tests.backend_test.TestTemplateSeeding" name="test_no_template_gets_default_dnd_attrs" time="1.454" /><testcase classname="tests.backend_test.TestTemplateSeeding" name="test_player_cannot_create_template" time="0.132" /><testcase classname="tests.backend_test.TestHealth" name="test_seeded_admin_login" time="0.168"><failure message="AssertionError: {&quot;detail&quot;:[{&quot;type&quot;:&quot;value_error&quot;,&quot;loc&quot;:[&quot;body&quot;,&quot;email&quot;],&quot;msg&quot;:&quot;value is not a valid email address: The part after the @-sign is a special-use or reserved name that cannot be used with email.&quot;,&quot;input&quot;:&quot;admin@rpg.local&quot;,&quot;ctx&quot;:{&quot;reason&quot;:&quot;The part after the @-sign is a special-use or reserved name that &#10;assert 422 == 200&#10; +  where 422 = &lt;Response [422]&gt;.status_code">tests/backend_test.py:57: in test_seeded_admin_login
    assert r.status_code == 200, r.text[:300]
E   AssertionError: {"detail":[{"type":"value_error","loc":["body","email"],"msg":"value is not a valid email address: The part after the @-sign is a special-use or reserved name that cannot be used with email.","input":"admin@rpg.local","ctx":{"reason":"The part after the @-sign is a special-use or reserved name that 
E   assert 422 == 200
E    +  where 422 = &lt;Response [422]&gt;.status_code</failure></testcase></testsuite></testsuites>