<?xml version="1.0" encoding="utf-8"?><testsuites name="pytest tests"><testsuite name="pytest" errors="0" failures="0" skipped="0" tests="25" time="11.873" timestamp="2026-08-29T19:10:20.178741+00:00" hostname="agent-env-61690d53-9e10-46aa-88ee-31d7125d0465"><testcase classname="tests.backend_test.TestLoot" name="test_master_distributes_loot" time="1.805" /><testcase classname="tests.backend_test.TestLoot" name="test_notification_created_for_owner" time="0.801" /><testcase classname="tests.test_char_update_and_templates.TestCharacterUpdateHistoryFix" name="test_put_with_full_body_including_history" time="2.695" /><testcase classname="tests.backend_test.TestLoot" name="test_player_cannot_distribute" time="0.078" /><testcase classname="tests.backend_test.TestLoot" name="test_empty_character_ids_returns_400" time="1.602" /><testcase classname="tests.test_char_update_and_templates.TestCharacterUpdateHistoryFix" name="test_persistence_via_get" time="0.827" /><testcase classname="tests.test_char_update_and_templates.TestCharacterUpdateHistoryFix" name="test_master_sees_updated_values" time="0.080" /><testcase classname="tests.test_char_update_and_templates.TestCharacterUpdateHistoryFix" name="test_repeated_puts_append_one_history_each" time="1.042" /><testcase classname="tests.backend_test.TestLoot" name="test_get_loot_master_and_player" time="0.170" /><testcase classname="tests.backend_test.TestLoot" name="test_outsider_cannot_read_loot" time="0.451" /><testcase classname="tests.test_char_update_and_templates.TestCharacterUpdateHistoryFix" name="test_put_with_mongo_id_field_does_not_break" time="0.365" /><testcase classname="tests.backend_test.TestLoot" name="test_loot_unauthenticated" time="0.152" /><testcase classname="tests.test_char_update_and_templates.TestCharacterUpdateHistoryFix" name="test_master_cannot_edit_player_character" time="0.121" /><testcase classname="tests.test_char_update_and_templates.TestCharacterUpdateHistoryFix" name="test_put_unknown_character_404" time="0.739" /><testcase classname="tests.backend_test.TestTemplateSeeding" name="test_install_and_seed_character" time="2.563" /><testcase classname="tests.test_char_update_and_templates.TestTemplateDrivenAttributes" name="test_character_seeded_with_template_attributes" time="1.938" /><testcase classname="tests.test_char_update_and_templates.TestTemplateDrivenAttributes" name="test_get_character_persists_template_attributes" time="0.120" /><testcase classname="tests.test_char_update_and_templates.TestTemplateDrivenAttributes" name="test_player_member_can_read_private_template" time="0.088" /><testcase classname="tests.test_char_update_and_templates.TestTemplateDrivenAttributes" name="test_master_author_can_read_own_private_template" time="0.122" /><testcase classname="tests.test_char_update_and_templates.TestTemplateDrivenAttributes" name="test_non_member_cannot_read_private_template" time="0.450" /><testcase classname="tests.test_char_update_and_templates.TestTemplateDrivenAttributes" name="test_template_404_for_unknown_id" time="0.654" /><testcase classname="tests.backend_test.TestHealth" name="test_seeded_admin_login" time="0.891" /><testcase classname="tests.backend_test.TestTemplateSeeding" name="test_no_template_gets_default_dnd_attrs" time="1.324" /><testcase classname="tests.backend_test.TestTemplateSeeding" name="test_player_cannot_create_template" time="0.074" /><testcase classname="tests.test_char_update_and_templates.TestDefaultDndCharacter" name="test_character_without_template_gets_dnd_defaults" time="2.224" /></testsuite></testsuites>